app/build/intermediates/manifest_merge_blame_file/debug/manifest-merger-blame-debug-report.txt
1<?xml version="1.0" encoding="utf-8"?>
2<manifest xmlns:android="http://schemas.android.com/apk/res/android"
3    package="de.markusfisch.android.shadereditor.debug"
4    android:installLocation="auto"
5    android:versionCode="54"
6    android:versionName="2.19.0" >
7
8    <uses-sdk
9        android:minSdkVersion="14"
9-->src\main\AndroidManifest.xml
10        android:targetSdkVersion="28" />
10-->src\main\AndroidManifest.xml
11
12    <supports-screens
12-->src\main\AndroidManifest.xml:6:2-8:33
13        android:largeScreens="true"
13-->src\main\AndroidManifest.xml:7:3-30
14        android:xlargeScreens="true" />
14-->src\main\AndroidManifest.xml:8:3-31
15    <!-- Camera textures are only supported from API > 14 -->
16    <uses-permission android:name="android.permission.CAMERA" />
16-->src\main\AndroidManifest.xml:10:2-61
16-->src\main\AndroidManifest.xml:10:19-59
17    <!--
18         Required to import textures on API < 19 from gallery apps
19		that do not use grantUriPermission(); later API's will not
20		see that permission
21    -->
22    <uses-permission
22-->src\main\AndroidManifest.xml:14:2-16:31
23        android:name="android.permission.READ_EXTERNAL_STORAGE"
23-->src\main\AndroidManifest.xml:15:3-58
24        android:maxSdkVersion="19" />
24-->src\main\AndroidManifest.xml:16:3-29
25    <uses-permission android:name="android.permission.WRITE_EXTERNAL_STORAGE" />
25-->src\main\AndroidManifest.xml:17:2-77
25-->src\main\AndroidManifest.xml:17:19-75
26
27    <uses-feature android:glEsVersion="0x00020000" />
27-->src\main\AndroidManifest.xml:18:2-50
27-->src\main\AndroidManifest.xml:18:16-48
28    <uses-feature
28-->src\main\AndroidManifest.xml:19:2-20:29
29        android:name="android.hardware.camera.any"
29-->src\main\AndroidManifest.xml:19:16-58
30        android:required="false" />
30-->src\main\AndroidManifest.xml:20:3-27
31    <uses-feature
31-->src\main\AndroidManifest.xml:21:2-22:29
32        android:name="android.hardware.camera.autofocus"
32-->src\main\AndroidManifest.xml:21:16-64
33        android:required="false" />
33-->src\main\AndroidManifest.xml:22:3-27
34    <uses-feature android:name="android.software.live_wallpaper" />
34-->src\main\AndroidManifest.xml:23:2-64
34-->src\main\AndroidManifest.xml:23:16-62
35
36    <application
36-->src\main\AndroidManifest.xml:24:2-144:16
37        android:name="de.markusfisch.android.shadereditor.app.ShaderEditorApp"
37-->src\main\AndroidManifest.xml:26:3-38
38        android:allowBackup="true"
38-->src\main\AndroidManifest.xml:27:3-29
39        android:appComponentFactory="android.support.v4.app.CoreComponentFactory"
39-->[com.android.support:support-compat:28.0.0] AndroidManifest.xml:22:18-91
40        android:debuggable="true"
41        android:fullBackupContent="@xml/backup_rules"
41-->src\main\AndroidManifest.xml:28:3-48
42        android:icon="@mipmap/ic_launcher"
42-->src\main\AndroidManifest.xml:32:3-37
43        android:label="@string/app_name"
43-->src\main\AndroidManifest.xml:31:3-35
44        android:resizeableActivity="true"
44-->src\main\AndroidManifest.xml:30:3-36
45        android:supportsRtl="true"
45-->src\main\AndroidManifest.xml:29:3-29
46        android:testOnly="true"
47        android:theme="@style/AppTheme" >
47-->src\main\AndroidManifest.xml:33:3-34
48        <receiver
48-->src\main\AndroidManifest.xml:34:3-44:14
49            android:name="de.markusfisch.android.shadereditor.receiver.BatteryLevelReceiver"
49-->src\main\AndroidManifest.xml:35:4-49
50            android:enabled="false"
50-->src\main\AndroidManifest.xml:36:4-27
51            android:exported="false"
51-->src\main\AndroidManifest.xml:37:4-28
52            android:label="LowBatteryMonitor" >
52-->src\main\AndroidManifest.xml:38:4-37
53            <intent-filter>
53-->src\main\AndroidManifest.xml:39:4-43:20
54                <action android:name="android.intent.action.BATTERY_LOW" />
54-->src\main\AndroidManifest.xml:40:5-63
54-->src\main\AndroidManifest.xml:40:13-61
55                <action android:name="android.intent.action.BATTERY_OKAY" />
55-->src\main\AndroidManifest.xml:41:5-64
55-->src\main\AndroidManifest.xml:41:13-62
56                <action android:name="android.intent.action.ACTION_POWER_CONNECTED" />
56-->src\main\AndroidManifest.xml:42:5-74
56-->src\main\AndroidManifest.xml:42:13-72
57            </intent-filter>
58        </receiver>
59
60        <service
60-->src\main\AndroidManifest.xml:45:3-56:13
61            android:name="de.markusfisch.android.shadereditor.service.ShaderWallpaperService"
61-->src\main\AndroidManifest.xml:46:4-50
62            android:description="@string/wallpaper_description"
62-->src\main\AndroidManifest.xml:47:4-55
63            android:label="@string/app_name"
63-->src\main\AndroidManifest.xml:48:4-36
64            android:permission="android.permission.BIND_WALLPAPER" >
64-->src\main\AndroidManifest.xml:49:4-58
65            <intent-filter>
65-->src\main\AndroidManifest.xml:50:4-52:20
66                <action android:name="android.service.wallpaper.WallpaperService" />
66-->src\main\AndroidManifest.xml:51:5-72
66-->src\main\AndroidManifest.xml:51:13-70
67            </intent-filter>
68
69            <meta-data
69-->src\main\AndroidManifest.xml:53:4-55:40
70                android:name="android.service.wallpaper"
70-->src\main\AndroidManifest.xml:54:5-45
71                android:resource="@xml/wallpaper" />
71-->src\main\AndroidManifest.xml:55:5-38
72        </service>
73
74        <activity
74-->src\main\AndroidManifest.xml:57:3-65:14
75            android:name="de.markusfisch.android.shadereditor.activity.SplashActivity"
75-->src\main\AndroidManifest.xml:58:4-43
76            android:label="@string/app_name"
76-->src\main\AndroidManifest.xml:59:4-36
77            android:theme="@style/SplashTheme" >
77-->src\main\AndroidManifest.xml:60:4-38
78            <intent-filter>
78-->src\main\AndroidManifest.xml:61:4-64:20
79                <action android:name="android.intent.action.MAIN" />
79-->src\main\AndroidManifest.xml:62:5-56
79-->src\main\AndroidManifest.xml:62:13-54
80
81                <category android:name="android.intent.category.LAUNCHER" />
81-->src\main\AndroidManifest.xml:63:5-64
81-->src\main\AndroidManifest.xml:63:15-62
82            </intent-filter>
83        </activity>
84        <activity
84-->src\main\AndroidManifest.xml:66:3-113:14
85            android:name="de.markusfisch.android.shadereditor.activity.MainActivity"
85-->src\main\AndroidManifest.xml:67:4-41
86            android:label="@string/app_name"
86-->src\main\AndroidManifest.xml:68:4-36
87            android:launchMode="singleTop" >
87-->src\main\AndroidManifest.xml:69:4-34
88            <intent-filter>
88-->src\main\AndroidManifest.xml:70:4-89:20
89                <action android:name="android.intent.action.VIEW" />
89-->src\main\AndroidManifest.xml:71:5-56
89-->src\main\AndroidManifest.xml:71:13-54
90
91                <category android:name="android.intent.category.DEFAULT" />
91-->src\main\AndroidManifest.xml:72:5-63
91-->src\main\AndroidManifest.xml:72:15-61
92                <!--
93                     ignore AppLinkUrlError because this filter
94					doesn't work with `host="*"`
95                -->
96                <data
96-->src\main\AndroidManifest.xml:75:5-79:39
97                    android:mimeType="text/plain"
97-->src\main\AndroidManifest.xml:78:6-35
98                    android:pathPattern=".*\\.glsl"
98-->src\main\AndroidManifest.xml:79:6-37
99                    android:scheme="content" />
99-->src\main\AndroidManifest.xml:77:6-30
100                <data
100-->src\main\AndroidManifest.xml:75:5-79:39
101                    android:mimeType="application/octet-stream"
101-->src\main\AndroidManifest.xml:78:6-35
102                    android:pathPattern=".*\\.glsl"
102-->src\main\AndroidManifest.xml:79:6-37
103                    android:scheme="content" />
103-->src\main\AndroidManifest.xml:77:6-30
104                <data
104-->src\main\AndroidManifest.xml:75:5-79:39
105                    android:mimeType="application/glsl"
105-->src\main\AndroidManifest.xml:78:6-35
106                    android:scheme="content" />
106-->src\main\AndroidManifest.xml:77:6-30
107            </intent-filter>
108            <intent-filter>
108-->src\main\AndroidManifest.xml:90:4-98:20
109                <action android:name="android.intent.action.VIEW" />
109-->src\main\AndroidManifest.xml:71:5-56
109-->src\main\AndroidManifest.xml:71:13-54
110
111                <category android:name="android.intent.category.DEFAULT" />
111-->src\main\AndroidManifest.xml:72:5-63
111-->src\main\AndroidManifest.xml:72:15-61
112
113                <data
113-->src\main\AndroidManifest.xml:75:5-79:39
114                    android:host="*"
114-->src\main\AndroidManifest.xml:97:6-22
115                    android:mimeType="*/*"
115-->src\main\AndroidManifest.xml:78:6-35
116                    android:pathPattern=".*\\.glsl"
116-->src\main\AndroidManifest.xml:79:6-37
117                    android:scheme="file" />
117-->src\main\AndroidManifest.xml:77:6-30
118            </intent-filter>
119            <intent-filter>
119-->src\main\AndroidManifest.xml:99:4-103:20
120                <action android:name="android.intent.action.SEND" />
120-->src\main\AndroidManifest.xml:100:5-56
120-->src\main\AndroidManifest.xml:100:13-54
121
122                <category android:name="android.intent.category.DEFAULT" />
122-->src\main\AndroidManifest.xml:72:5-63
122-->src\main\AndroidManifest.xml:72:15-61
123
124                <data android:mimeType="text/plain" />
124-->src\main\AndroidManifest.xml:75:5-79:39
124-->src\main\AndroidManifest.xml:78:6-35
125            </intent-filter>
126            <intent-filter>
126-->src\main\AndroidManifest.xml:104:4-112:20
127                <action android:name="android.intent.action.VIEW" />
127-->src\main\AndroidManifest.xml:71:5-56
127-->src\main\AndroidManifest.xml:71:13-54
128
129                <category android:name="android.intent.category.DEFAULT" />
129-->src\main\AndroidManifest.xml:72:5-63
129-->src\main\AndroidManifest.xml:72:15-61
130                <category android:name="android.intent.category.BROWSABLE" />
130-->src\main\AndroidManifest.xml:107:5-65
130-->src\main\AndroidManifest.xml:107:15-63
131
132                <data
132-->src\main\AndroidManifest.xml:75:5-79:39
133                    android:host="www.markusfisch.de"
133-->src\main\AndroidManifest.xml:97:6-22
134                    android:pathPrefix="/ShaderEditor"
134-->src\main\AndroidManifest.xml:110:6-40
135                    android:scheme="http" />
135-->src\main\AndroidManifest.xml:77:6-30
136            </intent-filter>
137        </activity>
138        <activity
138-->src\main\AndroidManifest.xml:114:3-118:47
139            android:name="de.markusfisch.android.shadereditor.activity.PreviewActivity"
139-->src\main\AndroidManifest.xml:115:4-44
140            android:documentLaunchMode="intoExisting"
140-->src\main\AndroidManifest.xml:118:4-45
141            android:label="@string/preview"
141-->src\main\AndroidManifest.xml:116:4-35
142            android:launchMode="singleInstance" />
142-->src\main\AndroidManifest.xml:117:4-39
143        <activity
143-->src\main\AndroidManifest.xml:119:3-122:29
144            android:name="de.markusfisch.android.shadereditor.activity.PreferencesActivity"
144-->src\main\AndroidManifest.xml:120:4-48
145            android:exported="true"
145-->src\main\AndroidManifest.xml:122:4-27
146            android:label="@string/preferences" />
146-->src\main\AndroidManifest.xml:121:4-39
147        <activity
147-->src\main\AndroidManifest.xml:123:3-131:14
148            android:name="de.markusfisch.android.shadereditor.activity.AddUniformActivity"
148-->src\main\AndroidManifest.xml:124:4-47
149            android:label="@string/add_uniform" >
149-->src\main\AndroidManifest.xml:125:4-39
150            <intent-filter>
150-->src\main\AndroidManifest.xml:126:4-130:20
151                <action android:name="android.intent.action.SEND" />
151-->src\main\AndroidManifest.xml:100:5-56
151-->src\main\AndroidManifest.xml:100:13-54
152
153                <category android:name="android.intent.category.DEFAULT" />
153-->src\main\AndroidManifest.xml:72:5-63
153-->src\main\AndroidManifest.xml:72:15-61
154
155                <data android:mimeType="image/*" />
155-->src\main\AndroidManifest.xml:75:5-79:39
155-->src\main\AndroidManifest.xml:78:6-35
156            </intent-filter>
157        </activity>
158        <activity
158-->src\main\AndroidManifest.xml:132:3-134:41
159            android:name="de.markusfisch.android.shadereditor.activity.LoadSampleActivity"
159-->src\main\AndroidManifest.xml:133:4-47
160            android:label="@string/load_sample" />
160-->src\main\AndroidManifest.xml:134:4-39
161        <activity
161-->src\main\AndroidManifest.xml:135:3-137:42
162            android:name="de.markusfisch.android.shadereditor.activity.TextureViewActivity"
162-->src\main\AndroidManifest.xml:136:4-48
163            android:label="@string/view_texture" />
163-->src\main\AndroidManifest.xml:137:4-40
164        <activity
164-->src\main\AndroidManifest.xml:138:3-140:40
165            android:name="de.markusfisch.android.shadereditor.activity.CropImageActivity"
165-->src\main\AndroidManifest.xml:139:4-46
166            android:label="@string/crop_image" />
166-->src\main\AndroidManifest.xml:140:4-38
167        <activity
167-->src\main\AndroidManifest.xml:141:3-143:41
168            android:name="de.markusfisch.android.shadereditor.activity.CubeMapActivity"
168-->src\main\AndroidManifest.xml:142:4-44
169            android:label="@string/add_uniform" />
169-->src\main\AndroidManifest.xml:143:4-39
170    </application>
171
172</manifest>